# JRE version: OpenJDK Runtime Environment Temurin-17.0.10+7 (17.0.10+7) (build 17.0.10+7)
# Java VM: OpenJDK 64-Bit Server VM Temurin-17.0.10+7 (17.0.10+7, mixed mode, tiered, compressed oops, compressed class ptrs, g1 gc, bsd-amd64)
Heap:
 garbage-first heap   total 262144K, used 63998K [0x00000007e0000000, 0x0000000800000000)
  region size 1024K, 27 young (27648K), 14 survivors (14336K)
 Metaspace       used 69457K, committed 70080K, reserved 393216K
  class space    used 9367K, committed 9664K, reserved 327680K
GC Heap History (20 events):
Event: 0.624 GC heap before
{Heap before GC invocations=0 (full 0):
 garbage-first heap   total 262144K, used 13312K [0x00000007e0000000, 0x0000000800000000)
  region size 1024K, 13 young (13312K), 0 survivors (0K)
 Metaspace       used 7282K, committed 7424K, reserved 393216K
  class space    used 628K, committed 704K, reserved 327680K
}
Event: 0.628 GC heap after
{Heap after GC invocations=1 (full 0):
 garbage-first heap   total 262144K, used 2056K [0x00000007e0000000, 0x0000000800000000)
  region size 1024K, 2 young (2048K), 2 survivors (2048K)
 Metaspace       used 7282K, committed 7424K, reserved 393216K
  class space    used 628K, committed 704K, reserved 327680K
}
Event: 1.095 GC heap before
{Heap before GC invocations=1 (full 0):
 garbage-first heap   total 262144K, used 23560K [0x00000007e0000000, 0x0000000800000000)
  region size 1024K, 19 young (19456K), 2 survivors (2048K)
 Metaspace       used 10568K, committed 10688K, reserved 393216K
  class space    used 1097K, committed 1152K, reserved 327680K
}
Event: 1.103 GC heap after
{Heap after GC invocations=2 (full 0):
 garbage-first heap   total 262144K, used 11085K [0x00000007e0000000, 0x0000000800000000)
  region size 1024K, 3 young (3072K), 3 survivors (3072K)
 Metaspace       used 10568K, committed 10688K, reserved 393216K
  class space    used 1097K, committed 1152K, reserved 327680K
}
Event: 1.337 GC heap before
{Heap before GC invocations=2 (full 0):
 garbage-first heap   total 262144K, used 34637K [0x00000007e0000000, 0x0000000800000000)
  region size 1024K, 25 young (25600K), 3 survivors (3072K)
 Metaspace       used 11034K, committed 11200K, reserved 393216K
  class space    used 1138K, committed 1216K, reserved 327680K
}
Event: 1.342 GC heap after
{Heap after GC invocations=3 (full 0):
 garbage-first heap   total 262144K, used 14506K [0x00000007e0000000, 0x0000000800000000)
  region size 1024K, 3 young (3072K), 3 survivors (3072K)
 Metaspace       used 11034K, committed 11200K, reserved 393216K
  class space    used 1138K, committed 1216K, reserved 327680K
}
Event: 2.587 GC heap before
{Heap before GC invocations=3 (full 0):
 garbage-first heap   total 262144K, used 59562K [0x00000007e0000000, 0x0000000800000000)
  region size 1024K, 48 young (49152K), 3 survivors (3072K)
 Metaspace       used 21259K, committed 21504K, reserved 393216K
  class space    used 2523K, committed 2688K, reserved 327680K
}
Event: 2.606 GC heap after
{Heap after GC invocations=4 (full 0):
 garbage-first heap   total 262144K, used 20010K [0x00000007e0000000, 0x0000000800000000)
  region size 1024K, 8 young (8192K), 8 survivors (8192K)
 Metaspace       used 21259K, committed 21504K, reserved 393216K
  class space    used 2523K, committed 2688K, reserved 327680K
}
Event: 3.777 GC heap before
{Heap before GC invocations=5 (full 0):
 garbage-first heap   total 262144K, used 72234K [0x00000007e0000000, 0x0000000800000000)
  region size 1024K, 60 young (61440K), 8 survivors (8192K)
 Metaspace       used 28286K, committed 28544K, reserved 393216K
  class space    used 3690K, committed 3776K, reserved 327680K
}
Event: 3.789 GC heap after
{Heap after GC invocations=6 (full 0):
 garbage-first heap   total 262144K, used 23150K [0x00000007e0000000, 0x0000000800000000)
  region size 1024K, 4 young (4096K), 4 survivors (4096K)
 Metaspace       used 28286K, committed 28544K, reserved 393216K
  class space    used 3690K, committed 3776K, reserved 327680K
}
Event: 3.948 GC heap before
{Heap before GC invocations=6 (full 0):
 garbage-first heap   total 262144K, used 31342K [0x00000007e0000000, 0x0000000800000000)
  region size 1024K, 12 young (12288K), 4 survivors (4096K)
 Metaspace       used 29491K, committed 29760K, reserved 393216K
  class space    used 3905K, committed 4032K, reserved 327680K
}
Event: 3.953 GC heap after
{Heap after GC invocations=7 (full 0):
 garbage-first heap   total 262144K, used 23390K [0x00000007e0000000, 0x0000000800000000)
  region size 1024K, 1 young (1024K), 1 survivors (1024K)
 Metaspace       used 29491K, committed 29760K, reserved 393216K
  class space    used 3905K, committed 4032K, reserved 327680K
}
Event: 4.803 GC heap before
{Heap before GC invocations=7 (full 0):
 garbage-first heap   total 262144K, used 71518K [0x00000007e0000000, 0x0000000800000000)
  region size 1024K, 50 young (51200K), 1 survivors (1024K)
 Metaspace       used 35602K, committed 35968K, reserved 393216K
  class space    used 4869K, committed 4992K, reserved 327680K
}
Event: 4.809 GC heap after
{Heap after GC invocations=8 (full 0):
 garbage-first heap   total 262144K, used 25122K [0x00000007e0000000, 0x0000000800000000)
  region size 1024K, 3 young (3072K), 3 survivors (3072K)
 Metaspace       used 35602K, committed 35968K, reserved 393216K
  class space    used 4869K, committed 4992K, reserved 327680K
}
Event: 7.670 GC heap before
{Heap before GC invocations=9 (full 0):
 garbage-first heap   total 262144K, used 184866K [0x00000007e0000000, 0x0000000800000000)
  region size 1024K, 153 young (156672K), 3 survivors (3072K)
 Metaspace       used 55360K, committed 55744K, reserved 393216K
  class space    used 7287K, committed 7424K, reserved 327680K
}
Event: 7.693 GC heap after
{Heap after GC invocations=10 (full 0):
 garbage-first heap   total 262144K, used 37810K [0x00000007e0000000, 0x0000000800000000)
  region size 1024K, 15 young (15360K), 15 survivors (15360K)
 Metaspace       used 55360K, committed 55744K, reserved 393216K
  class space    used 7287K, committed 7424K, reserved 327680K
}
Event: 7.714 GC heap before
{Heap before GC invocations=10 (full 0):
 garbage-first heap   total 262144K, used 38834K [0x00000007e0000000, 0x0000000800000000)
  region size 1024K, 16 young (16384K), 15 survivors (15360K)
 Metaspace       used 55473K, committed 55872K, reserved 393216K
  class space    used 7304K, committed 7488K, reserved 327680K
}
Event: 7.743 GC heap after
{Heap after GC invocations=11 (full 0):
 garbage-first heap   total 262144K, used 38974K [0x00000007e0000000, 0x0000000800000000)
  region size 1024K, 2 young (2048K), 2 survivors (2048K)
 Metaspace       used 55473K, committed 55872K, reserved 393216K
  class space    used 7304K, committed 7488K, reserved 327680K
}
Event: 10.089 GC heap before
{Heap before GC invocations=11 (full 0):
 garbage-first heap   total 262144K, used 69694K [0x00000007e0000000, 0x0000000800000000)
  region size 1024K, 33 young (33792K), 2 survivors (2048K)
 Metaspace       used 59921K, committed 60416K, reserved 393216K
  class space    used 7955K, committed 8128K, reserved 327680K
}
Event: 10.095 GC heap after
{Heap after GC invocations=12 (full 0):
 garbage-first heap   total 262144K, used 39255K [0x00000007e0000000, 0x0000000800000000)
  region size 1024K, 3 young (3072K), 3 survivors (3072K)
 Metaspace       used 59921K, committed 60416K, reserved 393216K
  class space    used 7955K, committed 8128K, reserved 327680K
}

