# JRE version: OpenJDK Runtime Environment Temurin-17.0.10+7 (17.0.10+7) (build 17.0.10+7)
# Java VM: OpenJDK 64-Bit Server VM Temurin-17.0.10+7 (17.0.10+7, mixed mode, tiered, compressed oops, compressed class ptrs, g1 gc, bsd-amd64)
Heap:
 garbage-first heap   total 262144K, used 109783K [0x00000007e0000000, 0x0000000800000000)
  region size 1024K, 74 young (75776K), 10 survivors (10240K)
 Metaspace       used 62808K, committed 63424K, reserved 393216K
  class space    used 8555K, committed 8832K, reserved 327680K
GC Heap History (16 events):
Event: 0.772 GC heap before
{Heap before GC invocations=0 (full 0):
 garbage-first heap   total 262144K, used 12288K [0x00000007e0000000, 0x0000000800000000)
  region size 1024K, 13 young (13312K), 0 survivors (0K)
 Metaspace       used 7286K, committed 7424K, reserved 393216K
  class space    used 627K, committed 704K, reserved 327680K
}
Event: 0.777 GC heap after
{Heap after GC invocations=1 (full 0):
 garbage-first heap   total 262144K, used 2318K [0x00000007e0000000, 0x0000000800000000)
  region size 1024K, 2 young (2048K), 2 survivors (2048K)
 Metaspace       used 7286K, committed 7424K, reserved 393216K
  class space    used 627K, committed 704K, reserved 327680K
}
Event: 1.398 GC heap before
{Heap before GC invocations=1 (full 0):
 garbage-first heap   total 262144K, used 22798K [0x00000007e0000000, 0x0000000800000000)
  region size 1024K, 19 young (19456K), 2 survivors (2048K)
 Metaspace       used 10785K, committed 10944K, reserved 393216K
  class space    used 1127K, committed 1216K, reserved 327680K
}
Event: 1.404 GC heap after
{Heap after GC invocations=2 (full 0):
 garbage-first heap   total 262144K, used 11049K [0x00000007e0000000, 0x0000000800000000)
  region size 1024K, 3 young (3072K), 3 survivors (3072K)
 Metaspace       used 10785K, committed 10944K, reserved 393216K
  class space    used 1127K, committed 1216K, reserved 327680K
}
Event: 1.727 GC heap before
{Heap before GC invocations=2 (full 0):
 garbage-first heap   total 262144K, used 34601K [0x00000007e0000000, 0x0000000800000000)
  region size 1024K, 25 young (25600K), 3 survivors (3072K)
 Metaspace       used 11044K, committed 11200K, reserved 393216K
  class space    used 1138K, committed 1216K, reserved 327680K
}
Event: 1.736 GC heap after
{Heap after GC invocations=3 (full 0):
 garbage-first heap   total 262144K, used 14630K [0x00000007e0000000, 0x0000000800000000)
  region size 1024K, 3 young (3072K), 3 survivors (3072K)
 Metaspace       used 11044K, committed 11200K, reserved 393216K
  class space    used 1138K, committed 1216K, reserved 327680K
}
Event: 3.169 GC heap before
{Heap before GC invocations=3 (full 0):
 garbage-first heap   total 262144K, used 60710K [0x00000007e0000000, 0x0000000800000000)
  region size 1024K, 49 young (50176K), 3 survivors (3072K)
 Metaspace       used 21238K, committed 21504K, reserved 393216K
  class space    used 2518K, committed 2688K, reserved 327680K
}
Event: 3.185 GC heap after
{Heap after GC invocations=4 (full 0):
 garbage-first heap   total 262144K, used 19914K [0x00000007e0000000, 0x0000000800000000)
  region size 1024K, 8 young (8192K), 8 survivors (8192K)
 Metaspace       used 21238K, committed 21504K, reserved 393216K
  class space    used 2518K, committed 2688K, reserved 327680K
}
Event: 4.529 GC heap before
{Heap before GC invocations=5 (full 0):
 garbage-first heap   total 262144K, used 75210K [0x00000007e0000000, 0x0000000800000000)
  region size 1024K, 62 young (63488K), 8 survivors (8192K)
 Metaspace       used 28534K, committed 28864K, reserved 393216K
  class space    used 3722K, committed 3840K, reserved 327680K
}
Event: 4.543 GC heap after
{Heap after GC invocations=6 (full 0):
 garbage-first heap   total 262144K, used 23082K [0x00000007e0000000, 0x0000000800000000)
  region size 1024K, 4 young (4096K), 4 survivors (4096K)
 Metaspace       used 28534K, committed 28864K, reserved 393216K
  class space    used 3722K, committed 3840K, reserved 327680K
}
Event: 5.592 GC heap before
{Heap before GC invocations=6 (full 0):
 garbage-first heap   total 262144K, used 78378K [0x00000007e0000000, 0x0000000800000000)
  region size 1024K, 60 young (61440K), 4 survivors (4096K)
 Metaspace       used 35640K, committed 35968K, reserved 393216K
  class space    used 4872K, committed 4992K, reserved 327680K
}
Event: 5.602 GC heap after
{Heap after GC invocations=7 (full 0):
 garbage-first heap   total 262144K, used 25155K [0x00000007e0000000, 0x0000000800000000)
  region size 1024K, 6 young (6144K), 6 survivors (6144K)
 Metaspace       used 35640K, committed 35968K, reserved 393216K
  class space    used 4872K, committed 4992K, reserved 327680K
}
Event: 8.484 GC heap before
{Heap before GC invocations=8 (full 0):
 garbage-first heap   total 262144K, used 181827K [0x00000007e0000000, 0x0000000800000000)
  region size 1024K, 153 young (156672K), 6 survivors (6144K)
 Metaspace       used 52746K, committed 53248K, reserved 393216K
  class space    used 7055K, committed 7296K, reserved 327680K
}
Event: 8.519 GC heap after
{Heap after GC invocations=9 (full 0):
 garbage-first heap   total 262144K, used 36384K [0x00000007e0000000, 0x0000000800000000)
  region size 1024K, 17 young (17408K), 17 survivors (17408K)
 Metaspace       used 52746K, committed 53248K, reserved 393216K
  class space    used 7055K, committed 7296K, reserved 327680K
}
Event: 11.549 GC heap before
{Heap before GC invocations=9 (full 0):
 garbage-first heap   total 262144K, used 146976K [0x00000007e0000000, 0x0000000800000000)
  region size 1024K, 126 young (129024K), 17 survivors (17408K)
 Metaspace       used 59701K, committed 60288K, reserved 393216K
  class space    used 8209K, committed 8512K, reserved 327680K
}
Event: 11.603 GC heap after
{Heap after GC invocations=10 (full 0):
 garbage-first heap   total 262144K, used 44566K [0x00000007e0000000, 0x0000000800000000)
  region size 1024K, 10 young (10240K), 10 survivors (10240K)
 Metaspace       used 59701K, committed 60288K, reserved 393216K
  class space    used 8209K, committed 8512K, reserved 327680K
}

